<?xml version="1.0" encoding="UTF-8"?>
<!-- Generated by org.testng.reporters.JUnitReportReporter -->
<testsuite hostname="NDI-LAP-108" failures="0" tests="6" name="testCases.TestCases" time="9.683" errors="0" timestamp="2022-02-02T20:10:43 IST" skipped="0">
  <testcase classname="testCases.TestCases" name="Impl" time="0.009"/>
  <system-out/>
  <testcase classname="testCases.TestCases" name="testCase1_login" time="6.238"/>
  <system-out/>
  <testcase classname="testCases.TestCases" name="testCase2_Add_one_item_to_cart" time="0.061"/>
  <system-out/>
  <testcase classname="testCases.TestCases" name="testCase3_Go_to_cart_and_verify_the_item" time="0.093"/>
  <system-out/>
  <testcase classname="testCases.TestCases" name="testCase4_fill_form_and_submit" time="3.233"/>
  <system-out/>
  <testcase classname="testCases.TestCases" name="testCase5_go_to_Cart_and_see_that_item_removed" time="0.049"/>
  <system-out/>
</testsuite> <!-- testCases.TestCases -->
